<?xml version="1.0" encoding="UTF-8"?>
<!-- Generated by org.testng.reporters.JUnitXMLReporter -->
<testsuite hostname="DESKTOP-JTCMNKG" ignored="0" tests="20" failures="0" timestamp="2020-06-25T10:57:59 ICT" time="227.283" errors="0">
  <testcase name="login" time="3.587" classname="test.Profile"/>
  <testcase name="login" time="3.354" classname="test.Profile"/>
  <testcase name="login" time="3.343" classname="test.Profile"/>
  <testcase name="login" time="2.648" classname="test.Profile"/>
  <testcase name="login" time="3.853" classname="test.Profile"/>
  <testcase name="login" time="2.877" classname="test.Profile"/>
  <testcase name="login" time="2.707" classname="test.Profile"/>
  <testcase name="login" time="3.23" classname="test.Profile"/>
  <testcase name="login" time="3.515" classname="test.Profile"/>
  <testcase name="login" time="2.646" classname="test.Profile"/>
  <testcase name="login" time="3.205" classname="test.Profile"/>
  <testcase name="login" time="2.706" classname="test.Profile"/>
  <testcase name="login" time="3.213" classname="test.Profile"/>
  <testcase name="login" time="3.188" classname="test.Profile"/>
  <testcase name="login" time="3.317" classname="test.Profile"/>
  <testcase name="login" time="3.221" classname="test.Profile"/>
  <testcase name="login" time="3.371" classname="test.Profile"/>
  <testcase name="login" time="3.239" classname="test.Profile"/>
  <testcase name="login" time="3.159" classname="test.Profile"/>
  <testcase name="login" time="3.225" classname="test.Profile"/>
</testsuite>
