<?xml version="1.0" encoding="UTF-8"?>
<!-- Generated by org.testng.reporters.JUnitXMLReporter -->
<testsuite hostname="DESKTOP-JTCMNKG" ignored="1" name="pages.PracticeFormPages" tests="1" failures="0" timestamp="2020-11-05T10:06:42 ICT" time="32.969" errors="0">
  <testcase name="inputLastNameFail" time="16.642" classname="test.PracticeForms"/>
  <testcase name="inputAndCheckStudentRegistrationForm" time="0.0" classname="test.PracticeForms">
    <ignored/>
  </testcase> <!-- inputAndCheckStudentRegistrationForm -->
</testsuite> <!-- pages.PracticeFormPages -->
