<?xml version="1.0" encoding="UTF-8"?>
<testng-results skipped="0" failed="0" ignored="1" total="2" passed="1">
  <reporter-output>
  </reporter-output>
  <suite name="Suite" duration-ms="32969" started-at="2020-11-05T10:06:09 ICT" finished-at="2020-11-05T10:06:42 ICT">
    <groups>
    </groups>
    <test name="pages.PracticeFormPages" duration-ms="32969" started-at="2020-11-05T10:06:09 ICT" finished-at="2020-11-05T10:06:42 ICT">
      <class name="test.PracticeForms">
        <test-method status="PASS" signature="setBaseUrl()[pri:0, instance:test.PracticeForms@39aeed2f]" name="setBaseUrl" is-config="true" duration-ms="12632" started-at="2020-11-05T10:06:09 ICT" finished-at="2020-11-05T10:06:21 ICT">
          <reporter-output>
          </reporter-output>
        </test-method> <!-- setBaseUrl -->
        <test-method status="PASS" signature="inputLastNameFail(java.lang.String, java.lang.String, java.lang.String, java.lang.String, java.lang.String, java.lang.String, java.util.List, java.util.List, java.lang.String, java.lang.String, java.lang.String, java.lang.String)[pri:0, instance:test.PracticeForms@39aeed2f]" name="inputLastNameFail" duration-ms="16642" started-at="2020-11-05T10:06:21 ICT" data-provider="inputLastNameHollow" finished-at="2020-11-05T10:06:38 ICT">
          <params>
            <param index="0">
              <value>
                <![CDATA[Duy]]>
              </value>
            </param>
            <param index="1">
              <value>
                <![CDATA[]]>
              </value>
            </param>
            <param index="2">
              <value>
                <![CDATA[minhyen1311414@gmail.com]]>
              </value>
            </param>
            <param index="3">
              <value>
                <![CDATA[23/05/2020]]>
              </value>
            </param>
            <param index="4">
              <value>
                <![CDATA[Female]]>
              </value>
            </param>
            <param index="5">
              <value>
                <![CDATA[0347249676]]>
              </value>
            </param>
            <param index="6">
              <value>
                <![CDATA[[Computer Science, Accounting, Physics]]]>
              </value>
            </param>
            <param index="7">
              <value>
                <![CDATA[[Reading, Music]]]>
              </value>
            </param>
            <param index="8">
              <value>
                <![CDATA[74 Ong Ich Khiem]]>
              </value>
            </param>
            <param index="9">
              <value>
                <![CDATA[NCR]]>
              </value>
            </param>
            <param index="10">
              <value>
                <![CDATA[Delhi]]>
              </value>
            </param>
            <param index="11">
              <value>
                <![CDATA[D:/459.jpg]]>
              </value>
            </param>
          </params>
          <reporter-output>
          </reporter-output>
        </test-method> <!-- inputLastNameFail -->
        <test-method status="PASS" signature="endPage()[pri:0, instance:test.PracticeForms@39aeed2f]" name="endPage" is-config="true" duration-ms="3642" started-at="2020-11-05T10:06:38 ICT" finished-at="2020-11-05T10:06:42 ICT">
          <reporter-output>
          </reporter-output>
        </test-method> <!-- endPage -->
      </class> <!-- test.PracticeForms -->
    </test> <!-- pages.PracticeFormPages -->
  </suite> <!-- Suite -->
</testng-results>
